This file contains any messages produced by compilers while
running configure, to aid debugging if configure makes a mistake.

It was created by libusb configure 1.0.21, which was
generated by GNU Autoconf 2.69.  Invocation command line was

  $ ./configure CC=/usr/bin/gcc CCFLAGS="-arch x86_64" CXXFLAGS="-arch x86_64"

## --------- ##
## Platform. ##
## --------- ##

hostname = ambp.local
uname -m = x86_64
uname -r = 16.7.0
uname -s = Darwin
uname -v = Darwin Kernel Version 16.7.0: Wed Oct  4 00:17:00 PDT 2017; root:xnu-3789.71.6~1/RELEASE_X86_64

/usr/bin/uname -p = i386
/bin/uname -X     = unknown

/bin/arch              = unknown
/usr/bin/arch -k       = unknown
/usr/convex/getsysinfo = unknown
/usr/bin/hostinfo      = Mach kernel version:
	 Darwin Kernel Version 16.7.0: Wed Oct  4 00:17:00 PDT 2017; root:xnu-3789.71.6~1/RELEASE_X86_64
Kernel configured for up to 4 processors.
2 processors are physically available.
4 processors are logically available.
Processor type: x86_64h (Intel x86-64h Haswell)
Processors active: 0 1 2 3
Primary memory available: 8.00 gigabytes
Default processor set: 306 tasks, 1454 threads, 4 processors
Load average: 2.57, Mach factor: 1.83
/bin/machine           = unknown
/usr/bin/oslevel       = unknown
/bin/universe          = unknown

PATH: /usr/bin
PATH: /bin
PATH: /usr/sbin
PATH: /sbin


## ----------- ##
## Core tests. ##
## ----------- ##

configure:2563: checking for a BSD-compatible install
configure:2631: result: /usr/bin/install -c
configure:2642: checking whether build environment is sane
configure:2697: result: yes
configure:2848: checking for a thread-safe mkdir -p
configure:2887: result: ./install-sh -c -d
configure:2894: checking for gawk
configure:2924: result: no
configure:2894: checking for mawk
configure:2924: result: no
configure:2894: checking for nawk
configure:2924: result: no
configure:2894: checking for awk
configure:2910: found /usr/bin/awk
configure:2921: result: awk
configure:2932: checking whether make sets $(MAKE)
configure:2954: result: yes
configure:2983: checking whether make supports nested variables
configure:3000: result: yes
configure:3142: checking whether make supports nested variables
configure:3159: result: yes
configure:3220: checking for gcc
configure:3247: result: /usr/bin/gcc
configure:3476: checking for C compiler version
configure:3485: /usr/bin/gcc --version >&5
Apple LLVM version 9.0.0 (clang-900.0.38)
Target: x86_64-apple-darwin16.7.0
Thread model: posix
InstalledDir: /Applications/Xcode.app/Contents/Developer/Toolchains/XcodeDefault.xctoolchain/usr/bin
Configured with: --prefix=/Applications/Xcode.app/Contents/Developer/usr --with-gxx-include-dir=/usr/include/c++/4.2.1
configure:3496: $? = 0
configure:3485: /usr/bin/gcc -v >&5
Configured with: --prefix=/Applications/Xcode.app/Contents/Developer/usr --with-gxx-include-dir=/usr/include/c++/4.2.1
Apple LLVM version 9.0.0 (clang-900.0.38)
Target: x86_64-apple-darwin16.7.0
Thread model: posix
InstalledDir: /Applications/Xcode.app/Contents/Developer/Toolchains/XcodeDefault.xctoolchain/usr/bin
configure:3496: $? = 0
configure:3485: /usr/bin/gcc -V >&5
clang: error: argument to '-V' is missing (expected 1 value)
clang: error: no input files
configure:3496: $? = 1
configure:3485: /usr/bin/gcc -qversion >&5
clang: error: unknown argument: '-qversion'
clang: error: no input files
configure:3496: $? = 1
configure:3516: checking whether the C compiler works
configure:3538: /usr/bin/gcc    conftest.c  >&5
configure:3542: $? = 0
configure:3590: result: yes
configure:3593: checking for C compiler default output file name
configure:3595: result: a.out
configure:3601: checking for suffix of executables
configure:3608: /usr/bin/gcc -o conftest    conftest.c  >&5
configure:3612: $? = 0
configure:3634: result: 
configure:3656: checking whether we are cross compiling
configure:3664: /usr/bin/gcc -o conftest    conftest.c  >&5
configure:3668: $? = 0
configure:3675: ./conftest
configure:3679: $? = 0
configure:3694: result: no
configure:3699: checking for suffix of object files
configure:3721: /usr/bin/gcc -c   conftest.c >&5
configure:3725: $? = 0
configure:3746: result: o
configure:3750: checking whether we are using the GNU C compiler
configure:3769: /usr/bin/gcc -c   conftest.c >&5
configure:3769: $? = 0
configure:3778: result: yes
configure:3787: checking whether /usr/bin/gcc accepts -g
configure:3807: /usr/bin/gcc -c -g  conftest.c >&5
configure:3807: $? = 0
configure:3848: result: yes
configure:3865: checking for /usr/bin/gcc option to accept ISO C89
configure:3928: /usr/bin/gcc  -c -g -O2  conftest.c >&5
configure:3928: $? = 0
configure:3941: result: none needed
configure:3966: checking whether /usr/bin/gcc understands -c and -o together
configure:3988: /usr/bin/gcc -c conftest.c -o conftest2.o
configure:3991: $? = 0
configure:3988: /usr/bin/gcc -c conftest.c -o conftest2.o
configure:3991: $? = 0
configure:4003: result: yes
configure:4031: checking for style of include used by make
configure:4059: result: GNU
configure:4085: checking dependency style of /usr/bin/gcc
configure:4196: result: gcc3
configure:4269: checking for g++
configure:4285: found /usr/bin/g++
configure:4296: result: g++
configure:4323: checking for C++ compiler version
configure:4332: g++ --version >&5
Apple LLVM version 9.0.0 (clang-900.0.38)
Target: x86_64-apple-darwin16.7.0
Thread model: posix
InstalledDir: /Applications/Xcode.app/Contents/Developer/Toolchains/XcodeDefault.xctoolchain/usr/bin
Configured with: --prefix=/Applications/Xcode.app/Contents/Developer/usr --with-gxx-include-dir=/usr/include/c++/4.2.1
configure:4343: $? = 0
configure:4332: g++ -v >&5
Configured with: --prefix=/Applications/Xcode.app/Contents/Developer/usr --with-gxx-include-dir=/usr/include/c++/4.2.1
Apple LLVM version 9.0.0 (clang-900.0.38)
Target: x86_64-apple-darwin16.7.0
Thread model: posix
InstalledDir: /Applications/Xcode.app/Contents/Developer/Toolchains/XcodeDefault.xctoolchain/usr/bin
configure:4343: $? = 0
configure:4332: g++ -V >&5
clang: error: argument to '-V' is missing (expected 1 value)
clang: error: no input files
configure:4343: $? = 1
configure:4332: g++ -qversion >&5
clang: error: unknown argument: '-qversion'
clang: error: no input files
configure:4343: $? = 1
configure:4347: checking whether we are using the GNU C++ compiler
configure:4366: g++ -c "-arch x86_64"  conftest.cpp >&5
clang: error: no such file or directory: '"-arch'
clang: error: no such file or directory: 'x86_64"'
configure:4366: $? = 1
configure: failed program was:
| /* confdefs.h */
| #define PACKAGE_NAME "libusb"
| #define PACKAGE_TARNAME "libusb"
| #define PACKAGE_VERSION "1.0.21"
| #define PACKAGE_STRING "libusb 1.0.21"
| #define PACKAGE_BUGREPORT "libusb-devel@lists.sourceforge.net"
| #define PACKAGE_URL "http://libusb.info"
| #define PACKAGE "libusb"
| #define VERSION "1.0.21"
| /* end confdefs.h.  */
| 
| int
| main ()
| {
| #ifndef __GNUC__
|        choke me
| #endif
| 
|   ;
|   return 0;
| }
configure:4375: result: no
configure:4384: checking whether g++ accepts -g
configure:4404: g++ -c -g  conftest.cpp >&5
configure:4404: $? = 0
configure:4445: result: yes
configure:4470: checking dependency style of g++
configure:4581: result: gcc3
configure:4625: checking build system type
configure:4639: result: x86_64-apple-darwin16.7.0
configure:4659: checking host system type
configure:4672: result: x86_64-apple-darwin16.7.0
configure:4713: checking how to print strings
configure:4740: result: printf
configure:4761: checking for a sed that does not truncate output
configure:4825: result: /usr/bin/sed
configure:4843: checking for grep that handles long lines and -e
configure:4901: result: /usr/bin/grep
configure:4906: checking for egrep
configure:4968: result: /usr/bin/grep -E
configure:4973: checking for fgrep
configure:5035: result: /usr/bin/grep -F
configure:5070: checking for ld used by /usr/bin/gcc
configure:5137: result: /Applications/Xcode.app/Contents/Developer/Toolchains/XcodeDefault.xctoolchain/usr/bin/ld
configure:5144: checking if the linker (/Applications/Xcode.app/Contents/Developer/Toolchains/XcodeDefault.xctoolchain/usr/bin/ld) is GNU ld
configure:5159: result: no
configure:5171: checking for BSD- or MS-compatible name lister (nm)
configure:5225: result: /usr/bin/nm -B
configure:5355: checking the name lister (/usr/bin/nm -B) interface
configure:5362: /usr/bin/gcc -c -g -O2  conftest.c >&5
configure:5365: /usr/bin/nm -B "conftest.o"
configure:5368: output
00000000000001dc S _some_variable
configure:5375: result: BSD nm
configure:5378: checking whether ln -s works
configure:5382: result: yes
configure:5390: checking the maximum length of command line arguments
configure:5521: result: 196608
configure:5569: checking how to convert x86_64-apple-darwin16.7.0 file names to x86_64-apple-darwin16.7.0 format
configure:5609: result: func_convert_file_noop
configure:5616: checking how to convert x86_64-apple-darwin16.7.0 file names to toolchain format
configure:5636: result: func_convert_file_noop
configure:5643: checking for /Applications/Xcode.app/Contents/Developer/Toolchains/XcodeDefault.xctoolchain/usr/bin/ld option to reload object files
configure:5650: result: -r
configure:5724: checking for objdump
configure:5740: found /usr/bin/objdump
configure:5751: result: objdump
configure:5783: checking how to recognize dependent libraries
configure:5983: result: pass_all
configure:6068: checking for dlltool
configure:6098: result: no
configure:6128: checking how to associate runtime and link libraries
configure:6155: result: printf %s\n
configure:6216: checking for ar
configure:6232: found /usr/bin/ar
configure:6243: result: ar
configure:6280: checking for archiver @FILE support
configure:6297: /usr/bin/gcc -c -g -O2  conftest.c >&5
configure:6297: $? = 0
configure:6300: ar cru libconftest.a @conftest.lst >&5
ar: @conftest.lst: No such file or directory
configure:6303: $? = 1
configure:6323: result: no
configure:6381: checking for strip
configure:6397: found /usr/bin/strip
configure:6408: result: strip
configure:6480: checking for ranlib
configure:6496: found /usr/bin/ranlib
configure:6507: result: ranlib
configure:6609: checking command to parse /usr/bin/nm -B output from /usr/bin/gcc object
configure:6762: /usr/bin/gcc -c -g -O2  conftest.c >&5
configure:6765: $? = 0
configure:6769: /usr/bin/nm -B conftest.o \| sed -n -e 's/^.*[ ]\([BCDEGRST][BCDEGRST]*\)[ ][ ]*\([_A-Za-z][_A-Za-z0-9]*\)$/\1 \2 \2/p' | sed '/ __gnu_lto/d' \> conftest.nm
configure:6772: $? = 0
cannot find nm_test_var in conftest.nm
configure:6762: /usr/bin/gcc -c -g -O2  conftest.c >&5
configure:6765: $? = 0
configure:6769: /usr/bin/nm -B conftest.o \| sed -n -e 's/^.*[ ]\([BCDEGRST][BCDEGRST]*\)[ ][ ]*_\([_A-Za-z][_A-Za-z0-9]*\)$/\1 _\2 \2/p' | sed '/ __gnu_lto/d' \> conftest.nm
configure:6772: $? = 0
configure:6838: /usr/bin/gcc -o conftest -g -O2   conftest.c conftstm.o >&5
warning: (x86_64)  could not find object file symbol for symbol _main
configure:6841: $? = 0
configure:6879: result: ok
configure:6926: checking for sysroot
configure:6956: result: no
configure:6963: checking for a working dd
configure:7001: result: /bin/dd
configure:7005: checking how to truncate binary pipes
configure:7020: result: /bin/dd bs=4096 count=1
configure:7349: checking for mt
configure:7379: result: no
configure:7399: checking if : is a manifest tool
configure:7405: : '-?'
configure:7413: result: no
configure:7469: checking for dsymutil
configure:7485: found /usr/bin/dsymutil
configure:7496: result: dsymutil
configure:7561: checking for nmedit
configure:7577: found /usr/bin/nmedit
configure:7588: result: nmedit
configure:7653: checking for lipo
configure:7669: found /usr/bin/lipo
configure:7680: result: lipo
configure:7745: checking for otool
configure:7761: found /usr/bin/otool
configure:7772: result: otool
configure:7837: checking for otool64
configure:7867: result: no
configure:7912: checking for -single_module linker flag
/usr/bin/gcc -g -O2  -o libconftest.dylib -dynamiclib -Wl,-single_module conftest.c
configure:7945: result: yes
configure:7948: checking for -exported_symbols_list linker flag
configure:7968: /usr/bin/gcc -o conftest -g -O2   -Wl,-exported_symbols_list,conftest.sym conftest.c  >&5
configure:7968: $? = 0
configure:7978: result: yes
configure:7981: checking for -force_load linker flag
/usr/bin/gcc -g -O2 -c -o conftest.o conftest.c
ar cru libconftest.a conftest.o
ranlib libconftest.a
/usr/bin/gcc -g -O2  -o conftest conftest.c -Wl,-force_load,./libconftest.a
configure:8013: result: yes
configure:8090: checking how to run the C preprocessor
configure:8121: /usr/bin/gcc -E  conftest.c
configure:8121: $? = 0
configure:8135: /usr/bin/gcc -E  conftest.c
conftest.c:11:10: fatal error: 'ac_nonexistent.h' file not found
#include <ac_nonexistent.h>
         ^~~~~~~~~~~~~~~~~~
1 error generated.
configure:8135: $? = 1
configure: failed program was:
| /* confdefs.h */
| #define PACKAGE_NAME "libusb"
| #define PACKAGE_TARNAME "libusb"
| #define PACKAGE_VERSION "1.0.21"
| #define PACKAGE_STRING "libusb 1.0.21"
| #define PACKAGE_BUGREPORT "libusb-devel@lists.sourceforge.net"
| #define PACKAGE_URL "http://libusb.info"
| #define PACKAGE "libusb"
| #define VERSION "1.0.21"
| /* end confdefs.h.  */
| #include <ac_nonexistent.h>
configure:8160: result: /usr/bin/gcc -E
configure:8180: /usr/bin/gcc -E  conftest.c
configure:8180: $? = 0
configure:8194: /usr/bin/gcc -E  conftest.c
conftest.c:11:10: fatal error: 'ac_nonexistent.h' file not found
#include <ac_nonexistent.h>
         ^~~~~~~~~~~~~~~~~~
1 error generated.
configure:8194: $? = 1
configure: failed program was:
| /* confdefs.h */
| #define PACKAGE_NAME "libusb"
| #define PACKAGE_TARNAME "libusb"
| #define PACKAGE_VERSION "1.0.21"
| #define PACKAGE_STRING "libusb 1.0.21"
| #define PACKAGE_BUGREPORT "libusb-devel@lists.sourceforge.net"
| #define PACKAGE_URL "http://libusb.info"
| #define PACKAGE "libusb"
| #define VERSION "1.0.21"
| /* end confdefs.h.  */
| #include <ac_nonexistent.h>
configure:8223: checking for ANSI C header files
configure:8243: /usr/bin/gcc -c -g -O2  conftest.c >&5
configure:8243: $? = 0
configure:8316: /usr/bin/gcc -o conftest -g -O2   conftest.c  >&5
configure:8316: $? = 0
configure:8316: ./conftest
configure:8316: $? = 0
configure:8327: result: yes
configure:8340: checking for sys/types.h
configure:8340: /usr/bin/gcc -c -g -O2  conftest.c >&5
configure:8340: $? = 0
configure:8340: result: yes
configure:8340: checking for sys/stat.h
configure:8340: /usr/bin/gcc -c -g -O2  conftest.c >&5
configure:8340: $? = 0
configure:8340: result: yes
configure:8340: checking for stdlib.h
configure:8340: /usr/bin/gcc -c -g -O2  conftest.c >&5
configure:8340: $? = 0
configure:8340: result: yes
configure:8340: checking for string.h
configure:8340: /usr/bin/gcc -c -g -O2  conftest.c >&5
configure:8340: $? = 0
configure:8340: result: yes
configure:8340: checking for memory.h
configure:8340: /usr/bin/gcc -c -g -O2  conftest.c >&5
configure:8340: $? = 0
configure:8340: result: yes
configure:8340: checking for strings.h
configure:8340: /usr/bin/gcc -c -g -O2  conftest.c >&5
configure:8340: $? = 0
configure:8340: result: yes
configure:8340: checking for inttypes.h
configure:8340: /usr/bin/gcc -c -g -O2  conftest.c >&5
configure:8340: $? = 0
configure:8340: result: yes
configure:8340: checking for stdint.h
configure:8340: /usr/bin/gcc -c -g -O2  conftest.c >&5
configure:8340: $? = 0
configure:8340: result: yes
configure:8340: checking for unistd.h
configure:8340: /usr/bin/gcc -c -g -O2  conftest.c >&5
configure:8340: $? = 0
configure:8340: result: yes
configure:8354: checking for dlfcn.h
configure:8354: /usr/bin/gcc -c -g -O2  conftest.c >&5
configure:8354: $? = 0
configure:8354: result: yes
configure:8621: checking for objdir
configure:8636: result: .libs
configure:8900: checking if /usr/bin/gcc supports -fno-rtti -fno-exceptions
configure:8918: /usr/bin/gcc -c -g -O2  -fno-rtti -fno-exceptions conftest.c >&5
configure:8922: $? = 0
configure:8935: result: yes
configure:9293: checking for /usr/bin/gcc option to produce PIC
configure:9300: result: -fno-common -DPIC
configure:9308: checking if /usr/bin/gcc PIC flag -fno-common -DPIC works
configure:9326: /usr/bin/gcc -c -g -O2  -fno-common -DPIC -DPIC conftest.c >&5
configure:9330: $? = 0
configure:9343: result: yes
configure:9372: checking if /usr/bin/gcc static flag -static works
configure:9400: result: no
configure:9415: checking if /usr/bin/gcc supports -c -o file.o
configure:9436: /usr/bin/gcc -c -g -O2  -o out/conftest2.o conftest.c >&5
configure:9440: $? = 0
configure:9462: result: yes
configure:9470: checking if /usr/bin/gcc supports -c -o file.o
configure:9517: result: yes
configure:9550: checking whether the /usr/bin/gcc linker (/Applications/Xcode.app/Contents/Developer/Toolchains/XcodeDefault.xctoolchain/usr/bin/ld) supports shared libraries
configure:10809: result: yes
configure:11049: checking dynamic linker characteristics
configure:11867: result: darwin16.7.0 dyld
configure:11989: checking how to hardcode library paths into programs
configure:12014: result: immediate
configure:12562: checking whether stripping libraries is possible
configure:12576: result: yes
configure:12602: checking if libtool supports shared libraries
configure:12604: result: yes
configure:12607: checking whether to build shared libraries
configure:12632: result: yes
configure:12635: checking whether to build static libraries
configure:12639: result: yes
configure:12662: checking how to run the C++ preprocessor
configure:12689: g++ -E  conftest.cpp
configure:12689: $? = 0
configure:12703: g++ -E  conftest.cpp
conftest.cpp:23:10: fatal error: 'ac_nonexistent.h' file not found
#include <ac_nonexistent.h>
         ^~~~~~~~~~~~~~~~~~
1 error generated.
configure:12703: $? = 1
configure: failed program was:
| /* confdefs.h */
| #define PACKAGE_NAME "libusb"
| #define PACKAGE_TARNAME "libusb"
| #define PACKAGE_VERSION "1.0.21"
| #define PACKAGE_STRING "libusb 1.0.21"
| #define PACKAGE_BUGREPORT "libusb-devel@lists.sourceforge.net"
| #define PACKAGE_URL "http://libusb.info"
| #define PACKAGE "libusb"
| #define VERSION "1.0.21"
| #define STDC_HEADERS 1
| #define HAVE_SYS_TYPES_H 1
| #define HAVE_SYS_STAT_H 1
| #define HAVE_STDLIB_H 1
| #define HAVE_STRING_H 1
| #define HAVE_MEMORY_H 1
| #define HAVE_STRINGS_H 1
| #define HAVE_INTTYPES_H 1
| #define HAVE_STDINT_H 1
| #define HAVE_UNISTD_H 1
| #define HAVE_DLFCN_H 1
| #define LT_OBJDIR ".libs/"
| /* end confdefs.h.  */
| #include <ac_nonexistent.h>
configure:12728: result: g++ -E
configure:12748: g++ -E  conftest.cpp
configure:12748: $? = 0
configure:12762: g++ -E  conftest.cpp
conftest.cpp:23:10: fatal error: 'ac_nonexistent.h' file not found
#include <ac_nonexistent.h>
         ^~~~~~~~~~~~~~~~~~
1 error generated.
configure:12762: $? = 1
configure: failed program was:
| /* confdefs.h */
| #define PACKAGE_NAME "libusb"
| #define PACKAGE_TARNAME "libusb"
| #define PACKAGE_VERSION "1.0.21"
| #define PACKAGE_STRING "libusb 1.0.21"
| #define PACKAGE_BUGREPORT "libusb-devel@lists.sourceforge.net"
| #define PACKAGE_URL "http://libusb.info"
| #define PACKAGE "libusb"
| #define VERSION "1.0.21"
| #define STDC_HEADERS 1
| #define HAVE_SYS_TYPES_H 1
| #define HAVE_SYS_STAT_H 1
| #define HAVE_STDLIB_H 1
| #define HAVE_STRING_H 1
| #define HAVE_MEMORY_H 1
| #define HAVE_STRINGS_H 1
| #define HAVE_INTTYPES_H 1
| #define HAVE_STDINT_H 1
| #define HAVE_UNISTD_H 1
| #define HAVE_DLFCN_H 1
| #define LT_OBJDIR ".libs/"
| /* end confdefs.h.  */
| #include <ac_nonexistent.h>
configure:13068: checking whether the g++ linker (/Applications/Xcode.app/Contents/Developer/Toolchains/XcodeDefault.xctoolchain/usr/bin/ld) supports shared libraries
configure:14141: result: no
configure:14177: g++ -c "-arch x86_64"  conftest.cpp >&5
clang: error: no such file or directory: '"-arch'
clang: error: no such file or directory: 'x86_64"'
configure:14180: $? = 1
configure:14661: checking for g++ option to produce PIC
configure:14668: result:  -DPIC
configure:14676: checking if g++ PIC flag  -DPIC works
configure:14694: g++ -c "-arch x86_64"   -DPIC -DPIC conftest.cpp >&5
clang: error: no such file or directory: '"-arch'
clang: error: no such file or directory: 'x86_64"'
configure:14698: $? = 1
configure:14711: result: no
configure:14734: checking if g++ static flag  works
configure:14762: result: no
configure:14774: checking if g++ supports -c -o file.o
configure:14795: g++ -c "-arch x86_64"  -o out/conftest2.o conftest.cpp >&5
clang: error: no such file or directory: '"-arch'
clang: error: no such file or directory: 'x86_64"'
configure:14799: $? = 1
configure:14821: result: no
configure:14826: checking if g++ supports -c -o file.o
configure:14873: result: no
configure:14903: checking whether the g++ linker (/Applications/Xcode.app/Contents/Developer/Toolchains/XcodeDefault.xctoolchain/usr/bin/ld) supports shared libraries
configure:14943: result: no
configure:15084: checking dynamic linker characteristics
configure:15829: result: darwin16.7.0 dyld
configure:15894: checking how to hardcode library paths into programs
configure:15919: result: immediate
configure:16023: checking for windres
configure:16053: result: no
configure:16150: checking for inline
configure:16166: /usr/bin/gcc -c -g -O2  conftest.c >&5
configure:16166: $? = 0
configure:16174: result: inline
configure:16199: checking operating system
configure:16220: result: Darwin/Mac OS X
configure:16475: checking poll.h usability
configure:16475: /usr/bin/gcc -c -g -O2  conftest.c >&5
configure:16475: $? = 0
configure:16475: result: yes
configure:16475: checking poll.h presence
configure:16475: /usr/bin/gcc -E  conftest.c
configure:16475: $? = 0
configure:16475: result: yes
configure:16475: checking for poll.h
configure:16475: result: yes
configure:16485: checking for nfds_t
configure:16485: /usr/bin/gcc -c -g -O2  conftest.c >&5
configure:16485: $? = 0
configure:16485: /usr/bin/gcc -c -g -O2  conftest.c >&5
conftest.c:31:21: error: expected expression
if (sizeof ((nfds_t)))
                    ^
1 error generated.
configure:16485: $? = 1
configure: failed program was:
| /* confdefs.h */
| #define PACKAGE_NAME "libusb"
| #define PACKAGE_TARNAME "libusb"
| #define PACKAGE_VERSION "1.0.21"
| #define PACKAGE_STRING "libusb 1.0.21"
| #define PACKAGE_BUGREPORT "libusb-devel@lists.sourceforge.net"
| #define PACKAGE_URL "http://libusb.info"
| #define PACKAGE "libusb"
| #define VERSION "1.0.21"
| #define STDC_HEADERS 1
| #define HAVE_SYS_TYPES_H 1
| #define HAVE_SYS_STAT_H 1
| #define HAVE_STDLIB_H 1
| #define HAVE_STRING_H 1
| #define HAVE_MEMORY_H 1
| #define HAVE_STRINGS_H 1
| #define HAVE_INTTYPES_H 1
| #define HAVE_STDINT_H 1
| #define HAVE_UNISTD_H 1
| #define HAVE_DLFCN_H 1
| #define LT_OBJDIR ".libs/"
| #define _GNU_SOURCE 1
| #define OS_DARWIN 1
| #define HAVE_POLL_H 1
| /* end confdefs.h.  */
| #include <poll.h>
| 
| int
| main ()
| {
| if (sizeof ((nfds_t)))
| 	    return 0;
|   ;
|   return 0;
| }
configure:16485: result: yes
configure:16716: checking sys/timerfd.h usability
configure:16716: /usr/bin/gcc -c -g -O2  conftest.c >&5
conftest.c:61:10: fatal error: 'sys/timerfd.h' file not found
#include <sys/timerfd.h>
         ^~~~~~~~~~~~~~~
1 error generated.
configure:16716: $? = 1
configure: failed program was:
| /* confdefs.h */
| #define PACKAGE_NAME "libusb"
| #define PACKAGE_TARNAME "libusb"
| #define PACKAGE_VERSION "1.0.21"
| #define PACKAGE_STRING "libusb 1.0.21"
| #define PACKAGE_BUGREPORT "libusb-devel@lists.sourceforge.net"
| #define PACKAGE_URL "http://libusb.info"
| #define PACKAGE "libusb"
| #define VERSION "1.0.21"
| #define STDC_HEADERS 1
| #define HAVE_SYS_TYPES_H 1
| #define HAVE_SYS_STAT_H 1
| #define HAVE_STDLIB_H 1
| #define HAVE_STRING_H 1
| #define HAVE_MEMORY_H 1
| #define HAVE_STRINGS_H 1
| #define HAVE_INTTYPES_H 1
| #define HAVE_STDINT_H 1
| #define HAVE_UNISTD_H 1
| #define HAVE_DLFCN_H 1
| #define LT_OBJDIR ".libs/"
| #define _GNU_SOURCE 1
| #define OS_DARWIN 1
| #define HAVE_POLL_H 1
| #define POLL_NFDS_TYPE nfds_t
| #define THREADS_POSIX 1
| /* end confdefs.h.  */
| #include <stdio.h>
| #ifdef HAVE_SYS_TYPES_H
| # include <sys/types.h>
| #endif
| #ifdef HAVE_SYS_STAT_H
| # include <sys/stat.h>
| #endif
| #ifdef STDC_HEADERS
| # include <stdlib.h>
| # include <stddef.h>
| #else
| # ifdef HAVE_STDLIB_H
| #  include <stdlib.h>
| # endif
| #endif
| #ifdef HAVE_STRING_H
| # if !defined STDC_HEADERS && defined HAVE_MEMORY_H
| #  include <memory.h>
| # endif
| # include <string.h>
| #endif
| #ifdef HAVE_STRINGS_H
| # include <strings.h>
| #endif
| #ifdef HAVE_INTTYPES_H
| # include <inttypes.h>
| #endif
| #ifdef HAVE_STDINT_H
| # include <stdint.h>
| #endif
| #ifdef HAVE_UNISTD_H
| # include <unistd.h>
| #endif
| #include <sys/timerfd.h>
configure:16716: result: no
configure:16716: checking sys/timerfd.h presence
configure:16716: /usr/bin/gcc -E  conftest.c
conftest.c:28:10: fatal error: 'sys/timerfd.h' file not found
#include <sys/timerfd.h>
         ^~~~~~~~~~~~~~~
1 error generated.
configure:16716: $? = 1
configure: failed program was:
| /* confdefs.h */
| #define PACKAGE_NAME "libusb"
| #define PACKAGE_TARNAME "libusb"
| #define PACKAGE_VERSION "1.0.21"
| #define PACKAGE_STRING "libusb 1.0.21"
| #define PACKAGE_BUGREPORT "libusb-devel@lists.sourceforge.net"
| #define PACKAGE_URL "http://libusb.info"
| #define PACKAGE "libusb"
| #define VERSION "1.0.21"
| #define STDC_HEADERS 1
| #define HAVE_SYS_TYPES_H 1
| #define HAVE_SYS_STAT_H 1
| #define HAVE_STDLIB_H 1
| #define HAVE_STRING_H 1
| #define HAVE_MEMORY_H 1
| #define HAVE_STRINGS_H 1
| #define HAVE_INTTYPES_H 1
| #define HAVE_STDINT_H 1
| #define HAVE_UNISTD_H 1
| #define HAVE_DLFCN_H 1
| #define LT_OBJDIR ".libs/"
| #define _GNU_SOURCE 1
| #define OS_DARWIN 1
| #define HAVE_POLL_H 1
| #define POLL_NFDS_TYPE nfds_t
| #define THREADS_POSIX 1
| /* end confdefs.h.  */
| #include <sys/timerfd.h>
configure:16716: result: no
configure:16716: checking for sys/timerfd.h
configure:16716: result: no
configure:16736: checking whether TFD_NONBLOCK is declared
configure:16736: /usr/bin/gcc -c -g -O2  conftest.c >&5
conftest.c:28:10: fatal error: 'sys/timerfd.h' file not found
#include <sys/timerfd.h>
         ^~~~~~~~~~~~~~~
1 error generated.
configure:16736: $? = 1
configure: failed program was:
| /* confdefs.h */
| #define PACKAGE_NAME "libusb"
| #define PACKAGE_TARNAME "libusb"
| #define PACKAGE_VERSION "1.0.21"
| #define PACKAGE_STRING "libusb 1.0.21"
| #define PACKAGE_BUGREPORT "libusb-devel@lists.sourceforge.net"
| #define PACKAGE_URL "http://libusb.info"
| #define PACKAGE "libusb"
| #define VERSION "1.0.21"
| #define STDC_HEADERS 1
| #define HAVE_SYS_TYPES_H 1
| #define HAVE_SYS_STAT_H 1
| #define HAVE_STDLIB_H 1
| #define HAVE_STRING_H 1
| #define HAVE_MEMORY_H 1
| #define HAVE_STRINGS_H 1
| #define HAVE_INTTYPES_H 1
| #define HAVE_STDINT_H 1
| #define HAVE_UNISTD_H 1
| #define HAVE_DLFCN_H 1
| #define LT_OBJDIR ".libs/"
| #define _GNU_SOURCE 1
| #define OS_DARWIN 1
| #define HAVE_POLL_H 1
| #define POLL_NFDS_TYPE nfds_t
| #define THREADS_POSIX 1
| /* end confdefs.h.  */
| #include <sys/timerfd.h>
| 
| int
| main ()
| {
| #ifndef TFD_NONBLOCK
| #ifdef __cplusplus
|   (void) TFD_NONBLOCK;
| #else
|   (void) TFD_NONBLOCK;
| #endif
| #endif
| 
|   ;
|   return 0;
| }
configure:16736: result: no
configure:16748: checking whether to use timerfd for timing
configure:16761: result: no (header not available)
configure:16766: checking for struct timespec
configure:16766: /usr/bin/gcc -c -g -O2  conftest.c >&5
configure:16766: $? = 0
configure:16766: /usr/bin/gcc -c -g -O2  conftest.c >&5
conftest.c:64:30: error: expected expression
if (sizeof ((struct timespec)))
                             ^
1 error generated.
configure:16766: $? = 1
configure: failed program was:
| /* confdefs.h */
| #define PACKAGE_NAME "libusb"
| #define PACKAGE_TARNAME "libusb"
| #define PACKAGE_VERSION "1.0.21"
| #define PACKAGE_STRING "libusb 1.0.21"
| #define PACKAGE_BUGREPORT "libusb-devel@lists.sourceforge.net"
| #define PACKAGE_URL "http://libusb.info"
| #define PACKAGE "libusb"
| #define VERSION "1.0.21"
| #define STDC_HEADERS 1
| #define HAVE_SYS_TYPES_H 1
| #define HAVE_SYS_STAT_H 1
| #define HAVE_STDLIB_H 1
| #define HAVE_STRING_H 1
| #define HAVE_MEMORY_H 1
| #define HAVE_STRINGS_H 1
| #define HAVE_INTTYPES_H 1
| #define HAVE_STDINT_H 1
| #define HAVE_UNISTD_H 1
| #define HAVE_DLFCN_H 1
| #define LT_OBJDIR ".libs/"
| #define _GNU_SOURCE 1
| #define OS_DARWIN 1
| #define HAVE_POLL_H 1
| #define POLL_NFDS_TYPE nfds_t
| #define THREADS_POSIX 1
| /* end confdefs.h.  */
| #include <stdio.h>
| #ifdef HAVE_SYS_TYPES_H
| # include <sys/types.h>
| #endif
| #ifdef HAVE_SYS_STAT_H
| # include <sys/stat.h>
| #endif
| #ifdef STDC_HEADERS
| # include <stdlib.h>
| # include <stddef.h>
| #else
| # ifdef HAVE_STDLIB_H
| #  include <stdlib.h>
| # endif
| #endif
| #ifdef HAVE_STRING_H
| # if !defined STDC_HEADERS && defined HAVE_MEMORY_H
| #  include <memory.h>
| # endif
| # include <string.h>
| #endif
| #ifdef HAVE_STRINGS_H
| # include <strings.h>
| #endif
| #ifdef HAVE_INTTYPES_H
| # include <inttypes.h>
| #endif
| #ifdef HAVE_STDINT_H
| # include <stdint.h>
| #endif
| #ifdef HAVE_UNISTD_H
| # include <unistd.h>
| #endif
| int
| main ()
| {
| if (sizeof ((struct timespec)))
| 	    return 0;
|   ;
|   return 0;
| }
configure:16766: result: yes
configure:16820: checking syslog.h usability
configure:16820: /usr/bin/gcc -c -g -O2  conftest.c >&5
configure:16820: $? = 0
configure:16820: result: yes
configure:16820: checking syslog.h presence
configure:16820: /usr/bin/gcc -E  conftest.c
configure:16820: $? = 0
configure:16820: result: yes
configure:16820: checking for syslog.h
configure:16820: result: yes
configure:16830: checking for syslog
configure:16830: /usr/bin/gcc -o conftest -g -O2   conftest.c -lobjc -Wl,-framework,IOKit -Wl,-framework,CoreFoundation >&5
configure:16830: $? = 0
configure:16830: result: yes
configure:16892: /usr/bin/gcc -c -g -O2 -Werror -fvisibility=hidden  conftest.c >&5
configure:16892: $? = 0
configure:16920: /usr/bin/gcc -c -g -O2 -Wno-pointer-sign  conftest.c >&5
configure:16920: $? = 0
configure:16929: checking for sigaction
configure:16929: /usr/bin/gcc -o conftest -g -O2   conftest.c -lobjc -Wl,-framework,IOKit -Wl,-framework,CoreFoundation >&5
configure:16929: $? = 0
configure:16929: result: yes
configure:16948: checking sys/time.h usability
configure:16948: /usr/bin/gcc -c -g -O2  conftest.c >&5
configure:16948: $? = 0
configure:16948: result: yes
configure:16948: checking sys/time.h presence
configure:16948: /usr/bin/gcc -E  conftest.c
configure:16948: $? = 0
configure:16948: result: yes
configure:16948: checking for sys/time.h
configure:16948: result: yes
configure:16960: checking for gettimeofday
configure:16960: /usr/bin/gcc -o conftest -g -O2   conftest.c -lobjc -Wl,-framework,IOKit -Wl,-framework,CoreFoundation >&5
configure:16960: $? = 0
configure:16960: result: yes
configure:16971: checking signal.h usability
configure:16971: /usr/bin/gcc -c -g -O2  conftest.c >&5
configure:16971: $? = 0
configure:16971: result: yes
configure:16971: checking signal.h presence
configure:16971: /usr/bin/gcc -E  conftest.c
configure:16971: $? = 0
configure:16971: result: yes
configure:16971: checking for signal.h
configure:16971: result: yes
configure:16985: checking whether CC supports -std=gnu99
configure:16998: /usr/bin/gcc -c -std=gnu99  conftest.c >&5
configure:16998: $? = 0
configure:16999: result: yes
configure:17138: checking that generated files are newer than configure
configure:17144: result: done
configure:17227: creating ./config.status

## ---------------------- ##
## Running config.status. ##
## ---------------------- ##

This file was extended by libusb config.status 1.0.21, which was
generated by GNU Autoconf 2.69.  Invocation command line was

  CONFIG_FILES    = 
  CONFIG_HEADERS  = 
  CONFIG_LINKS    = 
  CONFIG_COMMANDS = 
  $ ./config.status 

on ambp.local

config.status:1253: creating libusb-1.0.pc
config.status:1253: creating Makefile
config.status:1253: creating libusb/Makefile
config.status:1253: creating examples/Makefile
config.status:1253: creating tests/Makefile
config.status:1253: creating doc/Makefile
config.status:1253: creating doc/doxygen.cfg
config.status:1253: creating config.h
config.status:1434: config.h is unchanged
config.status:1482: executing depfiles commands
config.status:1482: executing libtool commands

## ---------------- ##
## Cache variables. ##
## ---------------- ##

ac_cv_build=x86_64-apple-darwin16.7.0
ac_cv_c_compiler_gnu=yes
ac_cv_c_inline=inline
ac_cv_cxx_compiler_gnu=no
ac_cv_env_CCC_set=
ac_cv_env_CCC_value=
ac_cv_env_CC_set=set
ac_cv_env_CC_value=/usr/bin/gcc
ac_cv_env_CFLAGS_set=
ac_cv_env_CFLAGS_value=
ac_cv_env_CPPFLAGS_set=
ac_cv_env_CPPFLAGS_value=
ac_cv_env_CPP_set=
ac_cv_env_CPP_value=
ac_cv_env_CXXCPP_set=
ac_cv_env_CXXCPP_value=
ac_cv_env_CXXFLAGS_set=set
ac_cv_env_CXXFLAGS_value='"-arch x86_64"'
ac_cv_env_CXX_set=
ac_cv_env_CXX_value=
ac_cv_env_LDFLAGS_set=
ac_cv_env_LDFLAGS_value=
ac_cv_env_LIBS_set=
ac_cv_env_LIBS_value=
ac_cv_env_LT_SYS_LIBRARY_PATH_set=
ac_cv_env_LT_SYS_LIBRARY_PATH_value=
ac_cv_env_build_alias_set=
ac_cv_env_build_alias_value=
ac_cv_env_host_alias_set=
ac_cv_env_host_alias_value=
ac_cv_env_target_alias_set=
ac_cv_env_target_alias_value=
ac_cv_func_gettimeofday=yes
ac_cv_func_sigaction=yes
ac_cv_func_syslog=yes
ac_cv_have_decl_TFD_NONBLOCK=no
ac_cv_header_dlfcn_h=yes
ac_cv_header_inttypes_h=yes
ac_cv_header_memory_h=yes
ac_cv_header_poll_h=yes
ac_cv_header_signal_h=yes
ac_cv_header_stdc=yes
ac_cv_header_stdint_h=yes
ac_cv_header_stdlib_h=yes
ac_cv_header_string_h=yes
ac_cv_header_strings_h=yes
ac_cv_header_sys_stat_h=yes
ac_cv_header_sys_time_h=yes
ac_cv_header_sys_timerfd_h=no
ac_cv_header_sys_types_h=yes
ac_cv_header_syslog_h=yes
ac_cv_header_unistd_h=yes
ac_cv_host=x86_64-apple-darwin16.7.0
ac_cv_objext=o
ac_cv_path_EGREP='/usr/bin/grep -E'
ac_cv_path_FGREP='/usr/bin/grep -F'
ac_cv_path_GREP=/usr/bin/grep
ac_cv_path_SED=/usr/bin/sed
ac_cv_path_install='/usr/bin/install -c'
ac_cv_path_lt_DD=/bin/dd
ac_cv_prog_AWK=awk
ac_cv_prog_CPP='/usr/bin/gcc -E'
ac_cv_prog_CXXCPP='g++ -E'
ac_cv_prog_ac_ct_AR=ar
ac_cv_prog_ac_ct_CC=/usr/bin/gcc
ac_cv_prog_ac_ct_CXX=g++
ac_cv_prog_ac_ct_DSYMUTIL=dsymutil
ac_cv_prog_ac_ct_LIPO=lipo
ac_cv_prog_ac_ct_NMEDIT=nmedit
ac_cv_prog_ac_ct_OBJDUMP=objdump
ac_cv_prog_ac_ct_OTOOL=otool
ac_cv_prog_ac_ct_RANLIB=ranlib
ac_cv_prog_ac_ct_STRIP=strip
ac_cv_prog_cc_c89=
ac_cv_prog_cc_g=yes
ac_cv_prog_cxx_g=yes
ac_cv_prog_make_make_set=yes
ac_cv_type_nfds_t=yes
ac_cv_type_struct_timespec=yes
am_cv_CC_dependencies_compiler_type=gcc3
am_cv_CXX_dependencies_compiler_type=gcc3
am_cv_make_support_nested_variables=yes
am_cv_prog_cc_c_o=yes
lt_cv_apple_cc_single_mod=yes
lt_cv_ar_at_file=no
lt_cv_deplibs_check_method=pass_all
lt_cv_file_magic_cmd='$MAGIC_CMD'
lt_cv_file_magic_test_file=
lt_cv_ld_exported_symbols_list=yes
lt_cv_ld_force_load=yes
lt_cv_ld_reload_flag=-r
lt_cv_nm_interface='BSD nm'
lt_cv_objdir=.libs
lt_cv_path_LD=/Applications/Xcode.app/Contents/Developer/Toolchains/XcodeDefault.xctoolchain/usr/bin/ld
lt_cv_path_LDCXX=
lt_cv_path_NM='/usr/bin/nm -B'
lt_cv_path_mainfest_tool=no
lt_cv_prog_compiler_c_o=yes
lt_cv_prog_compiler_c_o_CXX=no
lt_cv_prog_compiler_c_o_RC=yes
lt_cv_prog_compiler_pic='-fno-common -DPIC'
lt_cv_prog_compiler_pic_CXX=' -DPIC'
lt_cv_prog_compiler_pic_works=yes
lt_cv_prog_compiler_pic_works_CXX=no
lt_cv_prog_compiler_rtti_exceptions=yes
lt_cv_prog_compiler_static_works=no
lt_cv_prog_compiler_static_works_CXX=no
lt_cv_prog_gnu_ld=no
lt_cv_prog_gnu_ldcxx=
lt_cv_sharedlib_from_linklib_cmd='printf %s\n'
lt_cv_sys_global_symbol_pipe='sed -n -e '\''s/^.*[	 ]\([BCDEGRST][BCDEGRST]*\)[	 ][	 ]*_\([_A-Za-z][_A-Za-z0-9]*\)$/\1 _\2 \2/p'\'' | sed '\''/ __gnu_lto/d'\'''
lt_cv_sys_global_symbol_to_c_name_address='sed -n -e '\''s/^: \(.*\) .*$/  {"\1", (void *) 0},/p'\'' -e '\''s/^[BCDEGRST][BCDEGRST]* .* \(.*\)$/  {"\1", (void *) \&\1},/p'\'''
lt_cv_sys_global_symbol_to_c_name_address_lib_prefix='sed -n -e '\''s/^: \(.*\) .*$/  {"\1", (void *) 0},/p'\'' -e '\''s/^[BCDEGRST][BCDEGRST]* .* \(lib.*\)$/  {"\1", (void *) \&\1},/p'\'' -e '\''s/^[BCDEGRST][BCDEGRST]* .* \(.*\)$/  {"lib\1", (void *) \&\1},/p'\'''
lt_cv_sys_global_symbol_to_cdecl='sed -n -e '\''s/^T .* \(.*\)$/extern int \1();/p'\'' -e '\''s/^[BCDEGRST][BCDEGRST]* .* \(.*\)$/extern char \1;/p'\'''
lt_cv_sys_global_symbol_to_import=
lt_cv_sys_max_cmd_len=196608
lt_cv_to_host_file_cmd=func_convert_file_noop
lt_cv_to_tool_file_cmd=func_convert_file_noop
lt_cv_truncate_bin='/bin/dd bs=4096 count=1'

## ----------------- ##
## Output variables. ##
## ----------------- ##

ACLOCAL='${SHELL} /Users/njazz/Documents/github/DMX485_0.62/libusb/missing aclocal-1.15'
AMDEPBACKSLASH='\'
AMDEP_FALSE='#'
AMDEP_TRUE=''
AMTAR='$${TAR-tar}'
AM_BACKSLASH='\'
AM_CFLAGS=' -std=gnu99 -Wall -Wundef -Wunused -Wstrict-prototypes -Werror-implicit-function-declaration -Wno-pointer-sign -Wshadow  -fvisibility=hidden'
AM_DEFAULT_V='$(AM_DEFAULT_VERBOSITY)'
AM_DEFAULT_VERBOSITY='0'
AM_V='$(V)'
AR='ar'
AUTOCONF='${SHELL} /Users/njazz/Documents/github/DMX485_0.62/libusb/missing autoconf'
AUTOHEADER='${SHELL} /Users/njazz/Documents/github/DMX485_0.62/libusb/missing autoheader'
AUTOMAKE='${SHELL} /Users/njazz/Documents/github/DMX485_0.62/libusb/missing automake-1.15'
AWK='awk'
BUILD_EXAMPLES_FALSE=''
BUILD_EXAMPLES_TRUE='#'
BUILD_TESTS_FALSE=''
BUILD_TESTS_TRUE='#'
CC='/usr/bin/gcc'
CCDEPMODE='depmode=gcc3'
CFLAGS='-g -O2'
CPP='/usr/bin/gcc -E'
CPPFLAGS=''
CREATE_IMPORT_LIB_FALSE=''
CREATE_IMPORT_LIB_TRUE='#'
CXX='g++'
CXXCPP='g++ -E'
CXXDEPMODE='depmode=gcc3'
CXXFLAGS='"-arch x86_64"'
CYGPATH_W='echo'
DEFS='-DHAVE_CONFIG_H'
DEPDIR='.deps'
DLLTOOL='false'
DSYMUTIL='dsymutil'
DUMPBIN=''
ECHO_C='\c'
ECHO_N=''
ECHO_T=''
EGREP='/usr/bin/grep -E'
EXEEXT=''
FGREP='/usr/bin/grep -F'
GREP='/usr/bin/grep'
HAVE_SIGACTION_FALSE='#'
HAVE_SIGACTION_TRUE=''
INSTALL_DATA='${INSTALL} -m 644'
INSTALL_PROGRAM='${INSTALL}'
INSTALL_SCRIPT='${INSTALL}'
INSTALL_STRIP_PROGRAM='$(install_sh) -c -s'
LD='/Applications/Xcode.app/Contents/Developer/Toolchains/XcodeDefault.xctoolchain/usr/bin/ld'
LDFLAGS=''
LIBOBJS=''
LIBS='-lobjc -Wl,-framework,IOKit -Wl,-framework,CoreFoundation'
LIBTOOL='$(SHELL) $(top_builddir)/libtool'
LIPO='lipo'
LN_S='ln -s'
LTLDFLAGS='-version-info 1:0:1 -no-undefined -Wl,-prebind'
LTLIBOBJS=''
LT_SYS_LIBRARY_PATH=''
MAKEINFO='${SHELL} /Users/njazz/Documents/github/DMX485_0.62/libusb/missing makeinfo'
MANIFEST_TOOL=':'
MKDIR_P='./install-sh -c -d'
NM='/usr/bin/nm -B'
NMEDIT='nmedit'
OBJDUMP='objdump'
OBJEXT='o'
OS_DARWIN=''
OS_DARWIN_FALSE='#'
OS_DARWIN_TRUE=''
OS_HAIKU=''
OS_HAIKU_FALSE=''
OS_HAIKU_TRUE='#'
OS_LINUX=''
OS_LINUX_FALSE=''
OS_LINUX_TRUE='#'
OS_NETBSD=''
OS_NETBSD_FALSE=''
OS_NETBSD_TRUE='#'
OS_OPENBSD=''
OS_OPENBSD_FALSE=''
OS_OPENBSD_TRUE='#'
OS_SUNOS=''
OS_SUNOS_FALSE=''
OS_SUNOS_TRUE='#'
OS_WINDOWS=''
OS_WINDOWS_FALSE=''
OS_WINDOWS_TRUE='#'
OTOOL64=':'
OTOOL='otool'
PACKAGE='libusb'
PACKAGE_BUGREPORT='libusb-devel@lists.sourceforge.net'
PACKAGE_NAME='libusb'
PACKAGE_STRING='libusb 1.0.21'
PACKAGE_TARNAME='libusb'
PACKAGE_URL='http://libusb.info'
PACKAGE_VERSION='1.0.21'
PATH_SEPARATOR=':'
RANLIB='ranlib'
RC=''
SED='/usr/bin/sed'
SET_MAKE=''
SHELL='/bin/sh'
STRIP='strip'
THREADS_POSIX_FALSE='#'
THREADS_POSIX_TRUE=''
USE_UDEV=''
USE_UDEV_FALSE=''
USE_UDEV_TRUE='#'
USE_USBDK=''
USE_USBDK_FALSE=''
USE_USBDK_TRUE='#'
VERSION='1.0.21'
ac_ct_AR='ar'
ac_ct_CC='/usr/bin/gcc'
ac_ct_CXX='g++'
ac_ct_DUMPBIN=''
am__EXEEXT_FALSE=''
am__EXEEXT_TRUE='#'
am__fastdepCC_FALSE='#'
am__fastdepCC_TRUE=''
am__fastdepCXX_FALSE='#'
am__fastdepCXX_TRUE=''
am__include='include'
am__isrc=''
am__leading_dot='.'
am__nodep='_no'
am__quote=''
am__tar='$${TAR-tar} chof - "$$tardir"'
am__untar='$${TAR-tar} xf -'
bindir='${exec_prefix}/bin'
build='x86_64-apple-darwin16.7.0'
build_alias=''
build_cpu='x86_64'
build_os='darwin16.7.0'
build_vendor='apple'
datadir='${datarootdir}'
datarootdir='${prefix}/share'
docdir='${datarootdir}/doc/${PACKAGE_TARNAME}'
dvidir='${docdir}'
exec_prefix='${prefix}'
host='x86_64-apple-darwin16.7.0'
host_alias=''
host_cpu='x86_64'
host_os='darwin16.7.0'
host_vendor='apple'
htmldir='${docdir}'
includedir='${prefix}/include'
infodir='${datarootdir}/info'
install_sh='${SHELL} /Users/njazz/Documents/github/DMX485_0.62/libusb/install-sh'
libdir='${exec_prefix}/lib'
libexecdir='${exec_prefix}/libexec'
localedir='${datarootdir}/locale'
localstatedir='${prefix}/var'
mandir='${datarootdir}/man'
mkdir_p='$(MKDIR_P)'
oldincludedir='/usr/include'
pdfdir='${docdir}'
prefix='/usr/local'
program_transform_name='s,x,x,'
psdir='${docdir}'
sbindir='${exec_prefix}/sbin'
sharedstatedir='${prefix}/com'
sysconfdir='${prefix}/etc'
target_alias=''

## ----------- ##
## confdefs.h. ##
## ----------- ##

/* confdefs.h */
#define PACKAGE_NAME "libusb"
#define PACKAGE_TARNAME "libusb"
#define PACKAGE_VERSION "1.0.21"
#define PACKAGE_STRING "libusb 1.0.21"
#define PACKAGE_BUGREPORT "libusb-devel@lists.sourceforge.net"
#define PACKAGE_URL "http://libusb.info"
#define PACKAGE "libusb"
#define VERSION "1.0.21"
#define STDC_HEADERS 1
#define HAVE_SYS_TYPES_H 1
#define HAVE_SYS_STAT_H 1
#define HAVE_STDLIB_H 1
#define HAVE_STRING_H 1
#define HAVE_MEMORY_H 1
#define HAVE_STRINGS_H 1
#define HAVE_INTTYPES_H 1
#define HAVE_STDINT_H 1
#define HAVE_UNISTD_H 1
#define HAVE_DLFCN_H 1
#define LT_OBJDIR ".libs/"
#define _GNU_SOURCE 1
#define OS_DARWIN 1
#define HAVE_POLL_H 1
#define POLL_NFDS_TYPE nfds_t
#define THREADS_POSIX 1
#define HAVE_STRUCT_TIMESPEC 1
#define ENABLE_LOGGING 1
#define HAVE_SYSLOG_H 1
#define HAVE_SYSLOG_FUNC 1
#define DEFAULT_VISIBILITY __attribute__((visibility("default")))
#define HAVE_SYS_TIME_H 1
#define HAVE_GETTIMEOFDAY 1
#define HAVE_SIGNAL_H 1

configure: exit 0
